<?xml version="1.0" encoding="UTF-8"?>
<!-- Generated by org.testng.reporters.JUnitReportReporter -->
<testsuite hostname="LAPTOP-UA1F7RES" failures="0" tests="2" name="com.cucumber.runners.RunnerForFirebase" time="0.102" errors="0" timestamp="2023-11-01T06:36:57 PDT" skipped="0">
  <testcase classname="com.cucumber.runners.RunnerForFirebase" name="runScenario" time="0.006"/>
  <system-out/>
  <testcase classname="com.cucumber.runners.RunnerForFirebase" name="runScenario" time="0.096"/>
  <system-out/>
</testsuite> <!-- com.cucumber.runners.RunnerForFirebase -->
