<?xml version="1.0" encoding="UTF-8"?>
<!-- Generated by org.testng.reporters.JUnitReportReporter -->
<testsuite hostname="LAPTOP-UA1F7RES" failures="0" tests="1" name="com.cucumber.runners.RunnerForSalesForce" time="16.755" errors="0" timestamp="2023-11-10T14:55:52 PST" skipped="0">
  <testcase classname="com.cucumber.runners.RunnerForSalesForce" name="runScenario" time="16.755"/>
  <system-out/>
</testsuite> <!-- com.cucumber.runners.RunnerForSalesForce -->
